[  0%] Generating wayland-generated-protocols/fractional-scale-v1-client-protocol.h
[  1%] Generating wayland-generated-protocols/idle-inhibit-unstable-v1-client-protocol.h
[  1%] Generating wayland-generated-protocols/keyboard-shortcuts-inhibit-unstable-v1-client-protocol.h
[  1%] Generating wayland-generated-protocols/pointer-constraints-unstable-v1-client-protocol.h
[  1%] Generating wayland-generated-protocols/primary-selection-unstable-v1-client-protocol.h
[  1%] Generating wayland-generated-protocols/relative-pointer-unstable-v1-client-protocol.h
[  1%] Generating wayland-generated-protocols/tablet-unstable-v2-client-protocol.h
[  2%] Generating wayland-generated-protocols/text-input-unstable-v3-client-protocol.h
[  2%] Generating wayland-generated-protocols/viewporter-client-protocol.h
[  2%] Generating wayland-generated-protocols/wayland-client-protocol.h
[  2%] Generating wayland-generated-protocols/xdg-activation-v1-client-protocol.h
[  2%] Generating wayland-generated-protocols/xdg-decoration-unstable-v1-client-protocol.h
[  2%] Generating wayland-generated-protocols/xdg-output-unstable-v1-client-protocol.h
[  3%] Generating wayland-generated-protocols/xdg-shell-client-protocol.h
[  3%] Generating include/SDL2/SDL.h
[  3%] Generating include/SDL2/SDL_assert.h
[  3%] Generating include/SDL2/SDL_atomic.h
[  4%] Generating include/SDL2/SDL_audio.h
[  4%] Generating include/SDL2/SDL_bits.h
[  4%] Generating include/SDL2/SDL_blendmode.h
[  4%] Generating include/SDL2/SDL_clipboard.h
[  4%] Generating include/SDL2/SDL_copying.h
[  4%] Generating include/SDL2/SDL_cpuinfo.h
[  5%] Generating include/SDL2/SDL_egl.h
[  5%] Generating include/SDL2/SDL_endian.h
[  5%] Generating include/SDL2/SDL_error.h
[  5%] Generating include/SDL2/SDL_events.h
[  5%] Generating include/SDL2/SDL_filesystem.h
[  5%] Generating include/SDL2/SDL_gamecontroller.h
[  6%] Generating include/SDL2/SDL_gesture.h
[  6%] Generating include/SDL2/SDL_guid.h
[  6%] Generating include/SDL2/SDL_haptic.h
[  6%] Generating include/SDL2/SDL_hidapi.h
[  6%] Generating include/SDL2/SDL_hints.h
[  6%] Generating include/SDL2/SDL_joystick.h
[  7%] Generating include/SDL2/SDL_keyboard.h
[  7%] Generating include/SDL2/SDL_keycode.h
[  7%] Generating include/SDL2/SDL_loadso.h
[  7%] Generating include/SDL2/SDL_locale.h
[  7%] Generating include/SDL2/SDL_log.h
[  7%] Generating include/SDL2/SDL_main.h
[  7%] Generating include/SDL2/SDL_messagebox.h
[  8%] Generating include/SDL2/SDL_metal.h
[  8%] Generating include/SDL2/SDL_misc.h
[  8%] Generating include/SDL2/SDL_mouse.h
[  8%] Generating include/SDL2/SDL_mutex.h
[  8%] Generating include/SDL2/SDL_name.h
[  8%] Generating include/SDL2/SDL_opengl.h
[  9%] Generating include/SDL2/SDL_opengl_glext.h
[  9%] Generating include/SDL2/SDL_opengles.h
[  9%] Generating include/SDL2/SDL_opengles2.h
[  9%] Generating include/SDL2/SDL_opengles2_gl2.h
[  9%] Generating include/SDL2/SDL_opengles2_gl2ext.h
[  9%] Generating include/SDL2/SDL_opengles2_gl2platform.h
[ 10%] Generating include/SDL2/SDL_opengles2_khrplatform.h
[ 10%] Generating include/SDL2/SDL_pixels.h
[ 10%] Generating include/SDL2/SDL_platform.h
[ 10%] Generating include/SDL2/SDL_power.h
[ 10%] Generating include/SDL2/SDL_quit.h
[ 10%] Generating include/SDL2/SDL_rect.h
[ 10%] Generating include/SDL2/SDL_render.h
[ 11%] Generating include/SDL2/SDL_rwops.h
[ 11%] Generating include/SDL2/SDL_scancode.h
[ 11%] Generating include/SDL2/SDL_sensor.h
[ 11%] Generating include/SDL2/SDL_shape.h
[ 11%] Generating include/SDL2/SDL_stdinc.h
[ 11%] Generating include/SDL2/SDL_surface.h
[ 12%] Generating include/SDL2/SDL_system.h
[ 12%] Generating include/SDL2/SDL_syswm.h
[ 12%] Generating include/SDL2/SDL_test.h
[ 12%] Generating include/SDL2/SDL_test_assert.h
[ 12%] Generating include/SDL2/SDL_test_common.h
[ 12%] Generating include/SDL2/SDL_test_compare.h
[ 13%] Generating include/SDL2/SDL_test_crc32.h
[ 13%] Generating include/SDL2/SDL_test_font.h
[ 13%] Generating include/SDL2/SDL_test_fuzzer.h
[ 13%] Generating include/SDL2/SDL_test_harness.h
[ 13%] Generating include/SDL2/SDL_test_images.h
[ 13%] Generating include/SDL2/SDL_test_log.h
[ 14%] Generating include/SDL2/SDL_test_md5.h
[ 14%] Generating include/SDL2/SDL_test_memory.h
[ 14%] Generating include/SDL2/SDL_test_random.h
[ 14%] Generating include/SDL2/SDL_thread.h
[ 14%] Generating include/SDL2/SDL_timer.h
[ 14%] Generating include/SDL2/SDL_touch.h
[ 14%] Generating include/SDL2/SDL_types.h
[ 15%] Generating include/SDL2/SDL_version.h
[ 15%] Generating include/SDL2/SDL_video.h
[ 15%] Generating include/SDL2/SDL_vulkan.h
[ 15%] Generating include/SDL2/begin_code.h
[ 15%] Generating include/SDL2/close_code.h
[ 15%] Built target sdl_headers_copy
[ 15%] Building C object CMakeFiles/SDL2main.dir/src/main/dummy/SDL_dummy_main.c.o
[ 15%] Linking C static library libSDL2main.a
[ 15%] Built target SDL2main
[ 15%] Generating wayland-generated-protocols/xdg-shell-protocol.c
[ 15%] Generating wayland-generated-protocols/fractional-scale-v1-protocol.c
[ 15%] Generating wayland-generated-protocols/idle-inhibit-unstable-v1-protocol.c
[ 15%] Generating wayland-generated-protocols/keyboard-shortcuts-inhibit-unstable-v1-protocol.c
[ 15%] Generating wayland-generated-protocols/pointer-constraints-unstable-v1-protocol.c
[ 15%] Generating wayland-generated-protocols/primary-selection-unstable-v1-protocol.c
[ 15%] Generating wayland-generated-protocols/relative-pointer-unstable-v1-protocol.c
[ 16%] Generating wayland-generated-protocols/tablet-unstable-v2-protocol.c
[ 16%] Generating wayland-generated-protocols/text-input-unstable-v3-protocol.c
[ 16%] Generating wayland-generated-protocols/viewporter-protocol.c
[ 16%] Generating wayland-generated-protocols/wayland-protocol.c
[ 16%] Generating wayland-generated-protocols/xdg-activation-v1-protocol.c
[ 16%] Generating wayland-generated-protocols/xdg-decoration-unstable-v1-protocol.c
[ 17%] Generating wayland-generated-protocols/xdg-output-unstable-v1-protocol.c
[ 17%] Building C object CMakeFiles/SDL2.dir/src/SDL.c.o
[ 17%] Building C object CMakeFiles/SDL2.dir/src/SDL_assert.c.o
[ 17%] Building C object CMakeFiles/SDL2.dir/src/SDL_dataqueue.c.o
[ 18%] Building C object CMakeFiles/SDL2.dir/src/SDL_error.c.o
[ 18%] Building C object CMakeFiles/SDL2.dir/src/SDL_guid.c.o
[ 18%] Building C object CMakeFiles/SDL2.dir/src/SDL_hints.c.o
[ 18%] Building C object CMakeFiles/SDL2.dir/src/SDL_list.c.o
[ 18%] Building C object CMakeFiles/SDL2.dir/src/SDL_log.c.o
[ 18%] Building C object CMakeFiles/SDL2.dir/src/SDL_utils.c.o
[ 19%] Building C object CMakeFiles/SDL2.dir/src/atomic/SDL_atomic.c.o
[ 19%] Building C object CMakeFiles/SDL2.dir/src/atomic/SDL_spinlock.c.o
[ 19%] Building C object CMakeFiles/SDL2.dir/src/audio/SDL_audio.c.o
[ 19%] Building C object CMakeFiles/SDL2.dir/src/audio/SDL_audiocvt.c.o
[ 19%] Building C object CMakeFiles/SDL2.dir/src/audio/SDL_audiodev.c.o
[ 19%] Building C object CMakeFiles/SDL2.dir/src/audio/SDL_audiotypecvt.c.o
[ 20%] Building C object CMakeFiles/SDL2.dir/src/audio/SDL_mixer.c.o
[ 20%] Building C object CMakeFiles/SDL2.dir/src/audio/SDL_wave.c.o
[ 20%] Building C object CMakeFiles/SDL2.dir/src/cpuinfo/SDL_cpuinfo.c.o
[ 20%] Building C object CMakeFiles/SDL2.dir/src/dynapi/SDL_dynapi.c.o
[ 20%] Building C object CMakeFiles/SDL2.dir/src/events/SDL_clipboardevents.c.o
[ 20%] Building C object CMakeFiles/SDL2.dir/src/events/SDL_displayevents.c.o
[ 20%] Building C object CMakeFiles/SDL2.dir/src/events/SDL_dropevents.c.o
[ 21%] Building C object CMakeFiles/SDL2.dir/src/events/SDL_events.c.o
[ 21%] Building C object CMakeFiles/SDL2.dir/src/events/SDL_gesture.c.o
[ 21%] Building C object CMakeFiles/SDL2.dir/src/events/SDL_keyboard.c.o
[ 21%] Building C object CMakeFiles/SDL2.dir/src/events/SDL_keysym_to_scancode.c.o
[ 21%] Building C object CMakeFiles/SDL2.dir/src/events/SDL_mouse.c.o
[ 21%] Building C object CMakeFiles/SDL2.dir/src/events/SDL_quit.c.o
[ 22%] Building C object CMakeFiles/SDL2.dir/src/events/SDL_scancode_tables.c.o
[ 22%] Building C object CMakeFiles/SDL2.dir/src/events/SDL_touch.c.o
[ 22%] Building C object CMakeFiles/SDL2.dir/src/events/SDL_windowevents.c.o
[ 22%] Building C object CMakeFiles/SDL2.dir/src/events/imKStoUCS.c.o
[ 22%] Building C object CMakeFiles/SDL2.dir/src/file/SDL_rwops.c.o
[ 22%] Building C object CMakeFiles/SDL2.dir/src/haptic/SDL_haptic.c.o
[ 23%] Building C object CMakeFiles/SDL2.dir/src/hidapi/SDL_hidapi.c.o
[ 23%] Building C object CMakeFiles/SDL2.dir/src/joystick/SDL_gamecontroller.c.o
[ 23%] Building C object CMakeFiles/SDL2.dir/src/joystick/SDL_joystick.c.o
[ 23%] Building C object CMakeFiles/SDL2.dir/src/joystick/controller_type.c.o
[ 23%] Building C object CMakeFiles/SDL2.dir/src/libm/e_atan2.c.o
[ 23%] Building C object CMakeFiles/SDL2.dir/src/libm/e_exp.c.o
[ 23%] Building C object CMakeFiles/SDL2.dir/src/libm/e_fmod.c.o
[ 24%] Building C object CMakeFiles/SDL2.dir/src/libm/e_log.c.o
[ 24%] Building C object CMakeFiles/SDL2.dir/src/libm/e_log10.c.o
[ 24%] Building C object CMakeFiles/SDL2.dir/src/libm/e_pow.c.o
[ 24%] Building C object CMakeFiles/SDL2.dir/src/libm/e_rem_pio2.c.o
[ 24%] Building C object CMakeFiles/SDL2.dir/src/libm/e_sqrt.c.o
[ 24%] Building C object CMakeFiles/SDL2.dir/src/libm/k_cos.c.o
[ 25%] Building C object CMakeFiles/SDL2.dir/src/libm/k_rem_pio2.c.o
[ 25%] Building C object CMakeFiles/SDL2.dir/src/libm/k_sin.c.o
[ 25%] Building C object CMakeFiles/SDL2.dir/src/libm/k_tan.c.o
[ 25%] Building C object CMakeFiles/SDL2.dir/src/libm/s_atan.c.o
[ 25%] Building C object CMakeFiles/SDL2.dir/src/libm/s_copysign.c.o
[ 25%] Building C object CMakeFiles/SDL2.dir/src/libm/s_cos.c.o
[ 26%] Building C object CMakeFiles/SDL2.dir/src/libm/s_fabs.c.o
[ 26%] Building C object CMakeFiles/SDL2.dir/src/libm/s_floor.c.o
[ 26%] Building C object CMakeFiles/SDL2.dir/src/libm/s_scalbn.c.o
[ 26%] Building C object CMakeFiles/SDL2.dir/src/libm/s_sin.c.o
[ 26%] Building C object CMakeFiles/SDL2.dir/src/libm/s_tan.c.o
[ 26%] Building C object CMakeFiles/SDL2.dir/src/locale/SDL_locale.c.o
[ 27%] Building C object CMakeFiles/SDL2.dir/src/misc/SDL_url.c.o
[ 27%] Building C object CMakeFiles/SDL2.dir/src/power/SDL_power.c.o
[ 27%] Building C object CMakeFiles/SDL2.dir/src/render/SDL_d3dmath.c.o
[ 27%] Building C object CMakeFiles/SDL2.dir/src/render/SDL_render.c.o
[ 27%] Building C object CMakeFiles/SDL2.dir/src/render/SDL_yuv_sw.c.o
[ 27%] Building C object CMakeFiles/SDL2.dir/src/render/direct3d/SDL_render_d3d.c.o
[ 27%] Building C object CMakeFiles/SDL2.dir/src/render/direct3d/SDL_shaders_d3d.c.o
[ 28%] Building C object CMakeFiles/SDL2.dir/src/render/direct3d11/SDL_render_d3d11.c.o
[ 28%] Building C object CMakeFiles/SDL2.dir/src/render/direct3d11/SDL_shaders_d3d11.c.o
[ 28%] Building C object CMakeFiles/SDL2.dir/src/render/direct3d12/SDL_render_d3d12.c.o
[ 28%] Building C object CMakeFiles/SDL2.dir/src/render/direct3d12/SDL_shaders_d3d12.c.o
[ 28%] Building C object CMakeFiles/SDL2.dir/src/render/opengl/SDL_render_gl.c.o
[ 28%] Building C object CMakeFiles/SDL2.dir/src/render/opengl/SDL_shaders_gl.c.o
[ 29%] Building C object CMakeFiles/SDL2.dir/src/render/opengles/SDL_render_gles.c.o
[ 29%] Building C object CMakeFiles/SDL2.dir/src/render/opengles2/SDL_render_gles2.c.o
[ 29%] Building C object CMakeFiles/SDL2.dir/src/render/opengles2/SDL_shaders_gles2.c.o
[ 29%] Building C object CMakeFiles/SDL2.dir/src/render/ps2/SDL_render_ps2.c.o
[ 29%] Building C object CMakeFiles/SDL2.dir/src/render/psp/SDL_render_psp.c.o
[ 29%] Building C object CMakeFiles/SDL2.dir/src/render/software/SDL_blendfillrect.c.o
[ 30%] Building C object CMakeFiles/SDL2.dir/src/render/software/SDL_blendline.c.o
[ 30%] Building C object CMakeFiles/SDL2.dir/src/render/software/SDL_blendpoint.c.o
[ 30%] Building C object CMakeFiles/SDL2.dir/src/render/software/SDL_drawline.c.o
[ 30%] Building C object CMakeFiles/SDL2.dir/src/render/software/SDL_drawpoint.c.o
[ 30%] Building C object CMakeFiles/SDL2.dir/src/render/software/SDL_render_sw.c.o
[ 30%] Building C object CMakeFiles/SDL2.dir/src/render/software/SDL_rotate.c.o
[ 30%] Building C object CMakeFiles/SDL2.dir/src/render/software/SDL_triangle.c.o
[ 31%] Building C object CMakeFiles/SDL2.dir/src/render/vitagxm/SDL_render_vita_gxm.c.o
[ 31%] Building C object CMakeFiles/SDL2.dir/src/render/vitagxm/SDL_render_vita_gxm_memory.c.o
[ 31%] Building C object CMakeFiles/SDL2.dir/src/render/vitagxm/SDL_render_vita_gxm_tools.c.o
[ 31%] Building C object CMakeFiles/SDL2.dir/src/sensor/SDL_sensor.c.o
[ 31%] Building C object CMakeFiles/SDL2.dir/src/stdlib/SDL_crc16.c.o
[ 31%] Building C object CMakeFiles/SDL2.dir/src/stdlib/SDL_crc32.c.o
[ 32%] Building C object CMakeFiles/SDL2.dir/src/stdlib/SDL_getenv.c.o
[ 32%] Building C object CMakeFiles/SDL2.dir/src/stdlib/SDL_iconv.c.o
[ 32%] Building C object CMakeFiles/SDL2.dir/src/stdlib/SDL_malloc.c.o
[ 32%] Building C object CMakeFiles/SDL2.dir/src/stdlib/SDL_mslibc.c.o
[ 32%] Building C object CMakeFiles/SDL2.dir/src/stdlib/SDL_qsort.c.o
[ 32%] Building C object CMakeFiles/SDL2.dir/src/stdlib/SDL_stdlib.c.o
[ 33%] Building C object CMakeFiles/SDL2.dir/src/stdlib/SDL_string.c.o
[ 33%] Building C object CMakeFiles/SDL2.dir/src/stdlib/SDL_strtokr.c.o
[ 33%] Building C object CMakeFiles/SDL2.dir/src/thread/SDL_thread.c.o
[ 33%] Building C object CMakeFiles/SDL2.dir/src/timer/SDL_timer.c.o
[ 33%] Building C object CMakeFiles/SDL2.dir/src/video/SDL_RLEaccel.c.o
[ 33%] Building C object CMakeFiles/SDL2.dir/src/video/SDL_blit.c.o
[ 34%] Building C object CMakeFiles/SDL2.dir/src/video/SDL_blit_0.c.o
[ 34%] Building C object CMakeFiles/SDL2.dir/src/video/SDL_blit_1.c.o
[ 34%] Building C object CMakeFiles/SDL2.dir/src/video/SDL_blit_A.c.o
[ 34%] Building C object CMakeFiles/SDL2.dir/src/video/SDL_blit_N.c.o
[ 34%] Building C object CMakeFiles/SDL2.dir/src/video/SDL_blit_auto.c.o
[ 34%] Building C object CMakeFiles/SDL2.dir/src/video/SDL_blit_copy.c.o
[ 34%] Building C object CMakeFiles/SDL2.dir/src/video/SDL_blit_slow.c.o
[ 35%] Building C object CMakeFiles/SDL2.dir/src/video/SDL_bmp.c.o
[ 35%] Building C object CMakeFiles/SDL2.dir/src/video/SDL_clipboard.c.o
[ 35%] Building C object CMakeFiles/SDL2.dir/src/video/SDL_egl.c.o
[ 35%] Building C object CMakeFiles/SDL2.dir/src/video/SDL_fillrect.c.o
[ 35%] Building C object CMakeFiles/SDL2.dir/src/video/SDL_pixels.c.o
[ 35%] Building C object CMakeFiles/SDL2.dir/src/video/SDL_rect.c.o
[ 36%] Building C object CMakeFiles/SDL2.dir/src/video/SDL_shape.c.o
[ 36%] Building C object CMakeFiles/SDL2.dir/src/video/SDL_stretch.c.o
[ 36%] Building C object CMakeFiles/SDL2.dir/src/video/SDL_surface.c.o
[ 36%] Building C object CMakeFiles/SDL2.dir/src/video/SDL_video.c.o
[ 36%] Building C object CMakeFiles/SDL2.dir/src/video/SDL_vulkan_utils.c.o
[ 36%] Building C object CMakeFiles/SDL2.dir/src/video/SDL_yuv.c.o
[ 37%] Building C object CMakeFiles/SDL2.dir/src/video/yuv2rgb/yuv_rgb.c.o
[ 37%] Building C object CMakeFiles/SDL2.dir/src/audio/dummy/SDL_dummyaudio.c.o
[ 37%] Building C object CMakeFiles/SDL2.dir/src/audio/disk/SDL_diskaudio.c.o
[ 37%] Building C object CMakeFiles/SDL2.dir/src/loadso/dlopen/SDL_sysloadso.c.o
[ 37%] Building C object CMakeFiles/SDL2.dir/src/joystick/virtual/SDL_virtualjoystick.c.o
[ 37%] Building C object CMakeFiles/SDL2.dir/src/video/dummy/SDL_nullevents.c.o
[ 38%] Building C object CMakeFiles/SDL2.dir/src/video/dummy/SDL_nullframebuffer.c.o
[ 38%] Building C object CMakeFiles/SDL2.dir/src/video/dummy/SDL_nullvideo.c.o
[ 38%] Building C object CMakeFiles/SDL2.dir/src/video/offscreen/SDL_offscreenevents.c.o
[ 38%] Building C object CMakeFiles/SDL2.dir/src/video/offscreen/SDL_offscreenframebuffer.c.o
[ 38%] Building C object CMakeFiles/SDL2.dir/src/video/offscreen/SDL_offscreenopengles.c.o
[ 38%] Building C object CMakeFiles/SDL2.dir/src/video/offscreen/SDL_offscreenvideo.c.o
[ 38%] Building C object CMakeFiles/SDL2.dir/src/video/offscreen/SDL_offscreenwindow.c.o
[ 39%] Building C object CMakeFiles/SDL2.dir/src/audio/dsp/SDL_dspaudio.c.o
[ 39%] Building C object CMakeFiles/SDL2.dir/src/audio/alsa/SDL_alsa_audio.c.o
[ 39%] Building C object CMakeFiles/SDL2.dir/src/audio/pulseaudio/SDL_pulseaudio.c.o
[ 39%] Building C object CMakeFiles/SDL2.dir/src/audio/sndio/SDL_sndioaudio.c.o
[ 39%] Building C object CMakeFiles/SDL2.dir/src/video/x11/SDL_x11clipboard.c.o
[ 39%] Building C object CMakeFiles/SDL2.dir/src/video/x11/SDL_x11dyn.c.o
[ 40%] Building C object CMakeFiles/SDL2.dir/src/video/x11/SDL_x11events.c.o
[ 40%] Building C object CMakeFiles/SDL2.dir/src/video/x11/SDL_x11framebuffer.c.o
[ 40%] Building C object CMakeFiles/SDL2.dir/src/video/x11/SDL_x11keyboard.c.o
[ 40%] Building C object CMakeFiles/SDL2.dir/src/video/x11/SDL_x11messagebox.c.o
[ 40%] Building C object CMakeFiles/SDL2.dir/src/video/x11/SDL_x11modes.c.o
[ 40%] Building C object CMakeFiles/SDL2.dir/src/video/x11/SDL_x11mouse.c.o
[ 41%] Building C object CMakeFiles/SDL2.dir/src/video/x11/SDL_x11opengl.c.o
[ 41%] Building C object CMakeFiles/SDL2.dir/src/video/x11/SDL_x11opengles.c.o
[ 41%] Building C object CMakeFiles/SDL2.dir/src/video/x11/SDL_x11shape.c.o
[ 41%] Building C object CMakeFiles/SDL2.dir/src/video/x11/SDL_x11touch.c.o
[ 41%] Building C object CMakeFiles/SDL2.dir/src/video/x11/SDL_x11video.c.o
[ 41%] Building C object CMakeFiles/SDL2.dir/src/video/x11/SDL_x11vulkan.c.o
[ 41%] Building C object CMakeFiles/SDL2.dir/src/video/x11/SDL_x11window.c.o
[ 42%] Building C object CMakeFiles/SDL2.dir/src/video/x11/SDL_x11xfixes.c.o
[ 42%] Building C object CMakeFiles/SDL2.dir/src/video/x11/SDL_x11xinput2.c.o
[ 42%] Building C object CMakeFiles/SDL2.dir/src/video/x11/edid-parse.c.o
[ 42%] Building C object CMakeFiles/SDL2.dir/src/video/kmsdrm/SDL_kmsdrmdyn.c.o
[ 42%] Building C object CMakeFiles/SDL2.dir/src/video/kmsdrm/SDL_kmsdrmevents.c.o
[ 42%] Building C object CMakeFiles/SDL2.dir/src/video/kmsdrm/SDL_kmsdrmmouse.c.o
[ 43%] Building C object CMakeFiles/SDL2.dir/src/video/kmsdrm/SDL_kmsdrmopengles.c.o
[ 43%] Building C object CMakeFiles/SDL2.dir/src/video/kmsdrm/SDL_kmsdrmvideo.c.o
[ 43%] Building C object CMakeFiles/SDL2.dir/src/video/kmsdrm/SDL_kmsdrmvulkan.c.o
[ 43%] Building C object CMakeFiles/SDL2.dir/src/video/wayland/SDL_waylandclipboard.c.o
[ 43%] Building C object CMakeFiles/SDL2.dir/src/video/wayland/SDL_waylanddatamanager.c.o
[ 43%] Building C object CMakeFiles/SDL2.dir/src/video/wayland/SDL_waylanddyn.c.o
[ 44%] Building C object CMakeFiles/SDL2.dir/src/video/wayland/SDL_waylandevents.c.o
[ 44%] Building C object CMakeFiles/SDL2.dir/src/video/wayland/SDL_waylandkeyboard.c.o
[ 44%] Building C object CMakeFiles/SDL2.dir/src/video/wayland/SDL_waylandmessagebox.c.o
[ 44%] Building C object CMakeFiles/SDL2.dir/src/video/wayland/SDL_waylandmouse.c.o
[ 44%] Building C object CMakeFiles/SDL2.dir/src/video/wayland/SDL_waylandopengles.c.o
[ 44%] Building C object CMakeFiles/SDL2.dir/src/video/wayland/SDL_waylandtouch.c.o
[ 45%] Building C object CMakeFiles/SDL2.dir/src/video/wayland/SDL_waylandvideo.c.o
[ 45%] Building C object CMakeFiles/SDL2.dir/src/video/wayland/SDL_waylandvulkan.c.o
[ 45%] Building C object CMakeFiles/SDL2.dir/src/video/wayland/SDL_waylandwindow.c.o
[ 45%] Building C object CMakeFiles/SDL2.dir/wayland-generated-protocols/fractional-scale-v1-protocol.c.o
[ 45%] Building C object CMakeFiles/SDL2.dir/wayland-generated-protocols/idle-inhibit-unstable-v1-protocol.c.o
[ 45%] Building C object CMakeFiles/SDL2.dir/wayland-generated-protocols/keyboard-shortcuts-inhibit-unstable-v1-protocol.c.o
[ 45%] Building C object CMakeFiles/SDL2.dir/wayland-generated-protocols/pointer-constraints-unstable-v1-protocol.c.o
[ 46%] Building C object CMakeFiles/SDL2.dir/wayland-generated-protocols/primary-selection-unstable-v1-protocol.c.o
[ 46%] Building C object CMakeFiles/SDL2.dir/wayland-generated-protocols/relative-pointer-unstable-v1-protocol.c.o
[ 46%] Building C object CMakeFiles/SDL2.dir/wayland-generated-protocols/tablet-unstable-v2-protocol.c.o
[ 46%] Building C object CMakeFiles/SDL2.dir/wayland-generated-protocols/text-input-unstable-v3-protocol.c.o
[ 46%] Building C object CMakeFiles/SDL2.dir/wayland-generated-protocols/viewporter-protocol.c.o
[ 46%] Building C object CMakeFiles/SDL2.dir/wayland-generated-protocols/wayland-protocol.c.o
[ 47%] Building C object CMakeFiles/SDL2.dir/wayland-generated-protocols/xdg-activation-v1-protocol.c.o
[ 47%] Building C object CMakeFiles/SDL2.dir/wayland-generated-protocols/xdg-decoration-unstable-v1-protocol.c.o
[ 47%] Building C object CMakeFiles/SDL2.dir/wayland-generated-protocols/xdg-output-unstable-v1-protocol.c.o
[ 47%] Building C object CMakeFiles/SDL2.dir/wayland-generated-protocols/xdg-shell-protocol.c.o
[ 47%] Building C object CMakeFiles/SDL2.dir/src/core/unix/SDL_poll.c.o
[ 47%] Building C object CMakeFiles/SDL2.dir/src/haptic/linux/SDL_syshaptic.c.o
[ 48%] Building C object CMakeFiles/SDL2.dir/src/core/linux/SDL_dbus.c.o
[ 48%] Building C object CMakeFiles/SDL2.dir/src/core/linux/SDL_ime.c.o
[ 48%] Building C object CMakeFiles/SDL2.dir/src/core/linux/SDL_ibus.c.o
[ 48%] Building C object CMakeFiles/SDL2.dir/src/core/linux/SDL_fcitx.c.o
[ 48%] Building C object CMakeFiles/SDL2.dir/src/core/linux/SDL_udev.c.o
[ 48%] Building C object CMakeFiles/SDL2.dir/src/core/linux/SDL_evdev.c.o
[ 48%] Building C object CMakeFiles/SDL2.dir/src/core/linux/SDL_evdev_kbd.c.o
[ 49%] Building C object CMakeFiles/SDL2.dir/src/core/linux/SDL_evdev_capabilities.c.o
[ 49%] Building C object CMakeFiles/SDL2.dir/src/core/linux/SDL_threadprio.c.o
[ 49%] Building C object CMakeFiles/SDL2.dir/src/core/linux/SDL_sandbox.c.o
[ 49%] Building C object CMakeFiles/SDL2.dir/src/joystick/hidapi/SDL_hidapi_combined.c.o
[ 49%] Building C object CMakeFiles/SDL2.dir/src/joystick/hidapi/SDL_hidapi_gamecube.c.o
[ 49%] Building C object CMakeFiles/SDL2.dir/src/joystick/hidapi/SDL_hidapi_luna.c.o
[ 50%] Building C object CMakeFiles/SDL2.dir/src/joystick/hidapi/SDL_hidapi_ps3.c.o
[ 50%] Building C object CMakeFiles/SDL2.dir/src/joystick/hidapi/SDL_hidapi_ps4.c.o
[ 50%] Building C object CMakeFiles/SDL2.dir/src/joystick/hidapi/SDL_hidapi_ps5.c.o
[ 50%] Building C object CMakeFiles/SDL2.dir/src/joystick/hidapi/SDL_hidapi_rumble.c.o
[ 50%] Building C object CMakeFiles/SDL2.dir/src/joystick/hidapi/SDL_hidapi_shield.c.o
[ 50%] Building C object CMakeFiles/SDL2.dir/src/joystick/hidapi/SDL_hidapi_stadia.c.o
[ 51%] Building C object CMakeFiles/SDL2.dir/src/joystick/hidapi/SDL_hidapi_steam.c.o
[ 51%] Building C object CMakeFiles/SDL2.dir/src/joystick/hidapi/SDL_hidapi_switch.c.o
[ 51%] Building C object CMakeFiles/SDL2.dir/src/joystick/hidapi/SDL_hidapi_wii.c.o
[ 51%] Building C object CMakeFiles/SDL2.dir/src/joystick/hidapi/SDL_hidapi_xbox360.c.o
[ 51%] Building C object CMakeFiles/SDL2.dir/src/joystick/hidapi/SDL_hidapi_xbox360w.c.o
[ 51%] Building C object CMakeFiles/SDL2.dir/src/joystick/hidapi/SDL_hidapi_xboxone.c.o
[ 52%] Building C object CMakeFiles/SDL2.dir/src/joystick/hidapi/SDL_hidapijoystick.c.o
[ 52%] Building C object CMakeFiles/SDL2.dir/src/joystick/linux/SDL_sysjoystick.c.o
[ 52%] Building C object CMakeFiles/SDL2.dir/src/joystick/steam/SDL_steamcontroller.c.o
[ 52%] Building C object CMakeFiles/SDL2.dir/src/thread/pthread/SDL_systhread.c.o
[ 52%] Building C object CMakeFiles/SDL2.dir/src/thread/pthread/SDL_sysmutex.c.o
[ 52%] Building C object CMakeFiles/SDL2.dir/src/thread/pthread/SDL_syscond.c.o
[ 52%] Building C object CMakeFiles/SDL2.dir/src/thread/pthread/SDL_systls.c.o
[ 53%] Building C object CMakeFiles/SDL2.dir/src/thread/pthread/SDL_syssem.c.o
[ 53%] Building C object CMakeFiles/SDL2.dir/src/misc/unix/SDL_sysurl.c.o
[ 53%] Building C object CMakeFiles/SDL2.dir/src/power/linux/SDL_syspower.c.o
[ 53%] Building C object CMakeFiles/SDL2.dir/src/locale/unix/SDL_syslocale.c.o
[ 53%] Building C object CMakeFiles/SDL2.dir/src/filesystem/unix/SDL_sysfilesystem.c.o
[ 53%] Building C object CMakeFiles/SDL2.dir/src/timer/unix/SDL_systimer.c.o
[ 54%] Building C object CMakeFiles/SDL2.dir/src/sensor/dummy/SDL_dummysensor.c.o
[ 54%] Linking C shared library libSDL2-2.0.so
[ 56%] Built target SDL2
[ 56%] Building C object CMakeFiles/SDL2-static.dir/src/SDL.c.o
[ 57%] Building C object CMakeFiles/SDL2-static.dir/src/SDL_assert.c.o
[ 57%] Building C object CMakeFiles/SDL2-static.dir/src/SDL_dataqueue.c.o
[ 57%] Building C object CMakeFiles/SDL2-static.dir/src/SDL_error.c.o
[ 57%] Building C object CMakeFiles/SDL2-static.dir/src/SDL_guid.c.o
[ 57%] Building C object CMakeFiles/SDL2-static.dir/src/SDL_hints.c.o
[ 57%] Building C object CMakeFiles/SDL2-static.dir/src/SDL_list.c.o
[ 57%] Building C object CMakeFiles/SDL2-static.dir/src/SDL_log.c.o
[ 58%] Building C object CMakeFiles/SDL2-static.dir/src/SDL_utils.c.o
[ 58%] Building C object CMakeFiles/SDL2-static.dir/src/atomic/SDL_atomic.c.o
[ 58%] Building C object CMakeFiles/SDL2-static.dir/src/atomic/SDL_spinlock.c.o
[ 58%] Building C object CMakeFiles/SDL2-static.dir/src/audio/SDL_audio.c.o
[ 58%] Building C object CMakeFiles/SDL2-static.dir/src/audio/SDL_audiocvt.c.o
[ 58%] Building C object CMakeFiles/SDL2-static.dir/src/audio/SDL_audiodev.c.o
[ 59%] Building C object CMakeFiles/SDL2-static.dir/src/audio/SDL_audiotypecvt.c.o
[ 59%] Building C object CMakeFiles/SDL2-static.dir/src/audio/SDL_mixer.c.o
[ 59%] Building C object CMakeFiles/SDL2-static.dir/src/audio/SDL_wave.c.o
[ 59%] Building C object CMakeFiles/SDL2-static.dir/src/cpuinfo/SDL_cpuinfo.c.o
[ 59%] Building C object CMakeFiles/SDL2-static.dir/src/dynapi/SDL_dynapi.c.o
[ 59%] Building C object CMakeFiles/SDL2-static.dir/src/events/SDL_clipboardevents.c.o
[ 60%] Building C object CMakeFiles/SDL2-static.dir/src/events/SDL_displayevents.c.o
[ 60%] Building C object CMakeFiles/SDL2-static.dir/src/events/SDL_dropevents.c.o
[ 60%] Building C object CMakeFiles/SDL2-static.dir/src/events/SDL_events.c.o
[ 60%] Building C object CMakeFiles/SDL2-static.dir/src/events/SDL_gesture.c.o
[ 60%] Building C object CMakeFiles/SDL2-static.dir/src/events/SDL_keyboard.c.o
[ 60%] Building C object CMakeFiles/SDL2-static.dir/src/events/SDL_keysym_to_scancode.c.o
[ 61%] Building C object CMakeFiles/SDL2-static.dir/src/events/SDL_mouse.c.o
[ 61%] Building C object CMakeFiles/SDL2-static.dir/src/events/SDL_quit.c.o
[ 61%] Building C object CMakeFiles/SDL2-static.dir/src/events/SDL_scancode_tables.c.o
[ 61%] Building C object CMakeFiles/SDL2-static.dir/src/events/SDL_touch.c.o
[ 61%] Building C object CMakeFiles/SDL2-static.dir/src/events/SDL_windowevents.c.o
[ 61%] Building C object CMakeFiles/SDL2-static.dir/src/events/imKStoUCS.c.o
[ 61%] Building C object CMakeFiles/SDL2-static.dir/src/file/SDL_rwops.c.o
[ 62%] Building C object CMakeFiles/SDL2-static.dir/src/haptic/SDL_haptic.c.o
[ 62%] Building C object CMakeFiles/SDL2-static.dir/src/hidapi/SDL_hidapi.c.o
[ 62%] Building C object CMakeFiles/SDL2-static.dir/src/joystick/SDL_gamecontroller.c.o
[ 62%] Building C object CMakeFiles/SDL2-static.dir/src/joystick/SDL_joystick.c.o
[ 62%] Building C object CMakeFiles/SDL2-static.dir/src/joystick/controller_type.c.o
[ 62%] Building C object CMakeFiles/SDL2-static.dir/src/libm/e_atan2.c.o
[ 63%] Building C object CMakeFiles/SDL2-static.dir/src/libm/e_exp.c.o
[ 63%] Building C object CMakeFiles/SDL2-static.dir/src/libm/e_fmod.c.o
[ 63%] Building C object CMakeFiles/SDL2-static.dir/src/libm/e_log.c.o
[ 63%] Building C object CMakeFiles/SDL2-static.dir/src/libm/e_log10.c.o
[ 63%] Building C object CMakeFiles/SDL2-static.dir/src/libm/e_pow.c.o
[ 63%] Building C object CMakeFiles/SDL2-static.dir/src/libm/e_rem_pio2.c.o
[ 64%] Building C object CMakeFiles/SDL2-static.dir/src/libm/e_sqrt.c.o
[ 64%] Building C object CMakeFiles/SDL2-static.dir/src/libm/k_cos.c.o
[ 64%] Building C object CMakeFiles/SDL2-static.dir/src/libm/k_rem_pio2.c.o
[ 64%] Building C object CMakeFiles/SDL2-static.dir/src/libm/k_sin.c.o
[ 64%] Building C object CMakeFiles/SDL2-static.dir/src/libm/k_tan.c.o
[ 64%] Building C object CMakeFiles/SDL2-static.dir/src/libm/s_atan.c.o
[ 64%] Building C object CMakeFiles/SDL2-static.dir/src/libm/s_copysign.c.o
[ 65%] Building C object CMakeFiles/SDL2-static.dir/src/libm/s_cos.c.o
[ 65%] Building C object CMakeFiles/SDL2-static.dir/src/libm/s_fabs.c.o
[ 65%] Building C object CMakeFiles/SDL2-static.dir/src/libm/s_floor.c.o
[ 65%] Building C object CMakeFiles/SDL2-static.dir/src/libm/s_scalbn.c.o
[ 65%] Building C object CMakeFiles/SDL2-static.dir/src/libm/s_sin.c.o
[ 65%] Building C object CMakeFiles/SDL2-static.dir/src/libm/s_tan.c.o
[ 66%] Building C object CMakeFiles/SDL2-static.dir/src/locale/SDL_locale.c.o
[ 66%] Building C object CMakeFiles/SDL2-static.dir/src/misc/SDL_url.c.o
[ 66%] Building C object CMakeFiles/SDL2-static.dir/src/power/SDL_power.c.o
[ 66%] Building C object CMakeFiles/SDL2-static.dir/src/render/SDL_d3dmath.c.o
[ 66%] Building C object CMakeFiles/SDL2-static.dir/src/render/SDL_render.c.o
[ 66%] Building C object CMakeFiles/SDL2-static.dir/src/render/SDL_yuv_sw.c.o
[ 67%] Building C object CMakeFiles/SDL2-static.dir/src/render/direct3d/SDL_render_d3d.c.o
[ 67%] Building C object CMakeFiles/SDL2-static.dir/src/render/direct3d/SDL_shaders_d3d.c.o
[ 67%] Building C object CMakeFiles/SDL2-static.dir/src/render/direct3d11/SDL_render_d3d11.c.o
[ 67%] Building C object CMakeFiles/SDL2-static.dir/src/render/direct3d11/SDL_shaders_d3d11.c.o
[ 67%] Building C object CMakeFiles/SDL2-static.dir/src/render/direct3d12/SDL_render_d3d12.c.o
[ 67%] Building C object CMakeFiles/SDL2-static.dir/src/render/direct3d12/SDL_shaders_d3d12.c.o
[ 68%] Building C object CMakeFiles/SDL2-static.dir/src/render/opengl/SDL_render_gl.c.o
[ 68%] Building C object CMakeFiles/SDL2-static.dir/src/render/opengl/SDL_shaders_gl.c.o
[ 68%] Building C object CMakeFiles/SDL2-static.dir/src/render/opengles/SDL_render_gles.c.o
[ 68%] Building C object CMakeFiles/SDL2-static.dir/src/render/opengles2/SDL_render_gles2.c.o
[ 68%] Building C object CMakeFiles/SDL2-static.dir/src/render/opengles2/SDL_shaders_gles2.c.o
[ 68%] Building C object CMakeFiles/SDL2-static.dir/src/render/ps2/SDL_render_ps2.c.o
[ 68%] Building C object CMakeFiles/SDL2-static.dir/src/render/psp/SDL_render_psp.c.o
[ 69%] Building C object CMakeFiles/SDL2-static.dir/src/render/software/SDL_blendfillrect.c.o
[ 69%] Building C object CMakeFiles/SDL2-static.dir/src/render/software/SDL_blendline.c.o
[ 69%] Building C object CMakeFiles/SDL2-static.dir/src/render/software/SDL_blendpoint.c.o
[ 69%] Building C object CMakeFiles/SDL2-static.dir/src/render/software/SDL_drawline.c.o
[ 69%] Building C object CMakeFiles/SDL2-static.dir/src/render/software/SDL_drawpoint.c.o
[ 69%] Building C object CMakeFiles/SDL2-static.dir/src/render/software/SDL_render_sw.c.o
[ 70%] Building C object CMakeFiles/SDL2-static.dir/src/render/software/SDL_rotate.c.o
[ 70%] Building C object CMakeFiles/SDL2-static.dir/src/render/software/SDL_triangle.c.o
[ 70%] Building C object CMakeFiles/SDL2-static.dir/src/render/vitagxm/SDL_render_vita_gxm.c.o
[ 70%] Building C object CMakeFiles/SDL2-static.dir/src/render/vitagxm/SDL_render_vita_gxm_memory.c.o
[ 70%] Building C object CMakeFiles/SDL2-static.dir/src/render/vitagxm/SDL_render_vita_gxm_tools.c.o
[ 70%] Building C object CMakeFiles/SDL2-static.dir/src/sensor/SDL_sensor.c.o
[ 71%] Building C object CMakeFiles/SDL2-static.dir/src/stdlib/SDL_crc16.c.o
[ 71%] Building C object CMakeFiles/SDL2-static.dir/src/stdlib/SDL_crc32.c.o
[ 71%] Building C object CMakeFiles/SDL2-static.dir/src/stdlib/SDL_getenv.c.o
[ 71%] Building C object CMakeFiles/SDL2-static.dir/src/stdlib/SDL_iconv.c.o
[ 71%] Building C object CMakeFiles/SDL2-static.dir/src/stdlib/SDL_malloc.c.o
[ 71%] Building C object CMakeFiles/SDL2-static.dir/src/stdlib/SDL_mslibc.c.o
[ 71%] Building C object CMakeFiles/SDL2-static.dir/src/stdlib/SDL_qsort.c.o
[ 72%] Building C object CMakeFiles/SDL2-static.dir/src/stdlib/SDL_stdlib.c.o
[ 72%] Building C object CMakeFiles/SDL2-static.dir/src/stdlib/SDL_string.c.o
[ 72%] Building C object CMakeFiles/SDL2-static.dir/src/stdlib/SDL_strtokr.c.o
[ 72%] Building C object CMakeFiles/SDL2-static.dir/src/thread/SDL_thread.c.o
[ 72%] Building C object CMakeFiles/SDL2-static.dir/src/timer/SDL_timer.c.o
[ 72%] Building C object CMakeFiles/SDL2-static.dir/src/video/SDL_RLEaccel.c.o
[ 73%] Building C object CMakeFiles/SDL2-static.dir/src/video/SDL_blit.c.o
[ 73%] Building C object CMakeFiles/SDL2-static.dir/src/video/SDL_blit_0.c.o
[ 73%] Building C object CMakeFiles/SDL2-static.dir/src/video/SDL_blit_1.c.o
[ 73%] Building C object CMakeFiles/SDL2-static.dir/src/video/SDL_blit_A.c.o
[ 73%] Building C object CMakeFiles/SDL2-static.dir/src/video/SDL_blit_N.c.o
[ 73%] Building C object CMakeFiles/SDL2-static.dir/src/video/SDL_blit_auto.c.o
[ 74%] Building C object CMakeFiles/SDL2-static.dir/src/video/SDL_blit_copy.c.o
[ 74%] Building C object CMakeFiles/SDL2-static.dir/src/video/SDL_blit_slow.c.o
[ 74%] Building C object CMakeFiles/SDL2-static.dir/src/video/SDL_bmp.c.o
[ 74%] Building C object CMakeFiles/SDL2-static.dir/src/video/SDL_clipboard.c.o
[ 74%] Building C object CMakeFiles/SDL2-static.dir/src/video/SDL_egl.c.o
[ 74%] Building C object CMakeFiles/SDL2-static.dir/src/video/SDL_fillrect.c.o
[ 75%] Building C object CMakeFiles/SDL2-static.dir/src/video/SDL_pixels.c.o
[ 75%] Building C object CMakeFiles/SDL2-static.dir/src/video/SDL_rect.c.o
[ 75%] Building C object CMakeFiles/SDL2-static.dir/src/video/SDL_shape.c.o
[ 75%] Building C object CMakeFiles/SDL2-static.dir/src/video/SDL_stretch.c.o
[ 75%] Building C object CMakeFiles/SDL2-static.dir/src/video/SDL_surface.c.o
[ 75%] Building C object CMakeFiles/SDL2-static.dir/src/video/SDL_video.c.o
[ 75%] Building C object CMakeFiles/SDL2-static.dir/src/video/SDL_vulkan_utils.c.o
[ 76%] Building C object CMakeFiles/SDL2-static.dir/src/video/SDL_yuv.c.o
[ 76%] Building C object CMakeFiles/SDL2-static.dir/src/video/yuv2rgb/yuv_rgb.c.o
[ 76%] Building C object CMakeFiles/SDL2-static.dir/src/audio/dummy/SDL_dummyaudio.c.o
[ 76%] Building C object CMakeFiles/SDL2-static.dir/src/audio/disk/SDL_diskaudio.c.o
[ 76%] Building C object CMakeFiles/SDL2-static.dir/src/loadso/dlopen/SDL_sysloadso.c.o
[ 76%] Building C object CMakeFiles/SDL2-static.dir/src/joystick/virtual/SDL_virtualjoystick.c.o
[ 77%] Building C object CMakeFiles/SDL2-static.dir/src/video/dummy/SDL_nullevents.c.o
[ 77%] Building C object CMakeFiles/SDL2-static.dir/src/video/dummy/SDL_nullframebuffer.c.o
[ 77%] Building C object CMakeFiles/SDL2-static.dir/src/video/dummy/SDL_nullvideo.c.o
[ 77%] Building C object CMakeFiles/SDL2-static.dir/src/video/offscreen/SDL_offscreenevents.c.o
[ 77%] Building C object CMakeFiles/SDL2-static.dir/src/video/offscreen/SDL_offscreenframebuffer.c.o
[ 77%] Building C object CMakeFiles/SDL2-static.dir/src/video/offscreen/SDL_offscreenopengles.c.o
[ 78%] Building C object CMakeFiles/SDL2-static.dir/src/video/offscreen/SDL_offscreenvideo.c.o
[ 78%] Building C object CMakeFiles/SDL2-static.dir/src/video/offscreen/SDL_offscreenwindow.c.o
[ 78%] Building C object CMakeFiles/SDL2-static.dir/src/audio/dsp/SDL_dspaudio.c.o
[ 78%] Building C object CMakeFiles/SDL2-static.dir/src/audio/alsa/SDL_alsa_audio.c.o
[ 78%] Building C object CMakeFiles/SDL2-static.dir/src/audio/pulseaudio/SDL_pulseaudio.c.o
[ 78%] Building C object CMakeFiles/SDL2-static.dir/src/audio/sndio/SDL_sndioaudio.c.o
[ 78%] Building C object CMakeFiles/SDL2-static.dir/src/video/x11/SDL_x11clipboard.c.o
[ 79%] Building C object CMakeFiles/SDL2-static.dir/src/video/x11/SDL_x11dyn.c.o
[ 79%] Building C object CMakeFiles/SDL2-static.dir/src/video/x11/SDL_x11events.c.o
[ 79%] Building C object CMakeFiles/SDL2-static.dir/src/video/x11/SDL_x11framebuffer.c.o
[ 79%] Building C object CMakeFiles/SDL2-static.dir/src/video/x11/SDL_x11keyboard.c.o
[ 79%] Building C object CMakeFiles/SDL2-static.dir/src/video/x11/SDL_x11messagebox.c.o
[ 79%] Building C object CMakeFiles/SDL2-static.dir/src/video/x11/SDL_x11modes.c.o
[ 80%] Building C object CMakeFiles/SDL2-static.dir/src/video/x11/SDL_x11mouse.c.o
[ 80%] Building C object CMakeFiles/SDL2-static.dir/src/video/x11/SDL_x11opengl.c.o
[ 80%] Building C object CMakeFiles/SDL2-static.dir/src/video/x11/SDL_x11opengles.c.o
[ 80%] Building C object CMakeFiles/SDL2-static.dir/src/video/x11/SDL_x11shape.c.o
[ 80%] Building C object CMakeFiles/SDL2-static.dir/src/video/x11/SDL_x11touch.c.o
[ 80%] Building C object CMakeFiles/SDL2-static.dir/src/video/x11/SDL_x11video.c.o
[ 81%] Building C object CMakeFiles/SDL2-static.dir/src/video/x11/SDL_x11vulkan.c.o
[ 81%] Building C object CMakeFiles/SDL2-static.dir/src/video/x11/SDL_x11window.c.o
[ 81%] Building C object CMakeFiles/SDL2-static.dir/src/video/x11/SDL_x11xfixes.c.o
[ 81%] Building C object CMakeFiles/SDL2-static.dir/src/video/x11/SDL_x11xinput2.c.o
[ 81%] Building C object CMakeFiles/SDL2-static.dir/src/video/x11/edid-parse.c.o
[ 81%] Building C object CMakeFiles/SDL2-static.dir/src/video/kmsdrm/SDL_kmsdrmdyn.c.o
[ 82%] Building C object CMakeFiles/SDL2-static.dir/src/video/kmsdrm/SDL_kmsdrmevents.c.o
[ 82%] Building C object CMakeFiles/SDL2-static.dir/src/video/kmsdrm/SDL_kmsdrmmouse.c.o
[ 82%] Building C object CMakeFiles/SDL2-static.dir/src/video/kmsdrm/SDL_kmsdrmopengles.c.o
[ 82%] Building C object CMakeFiles/SDL2-static.dir/src/video/kmsdrm/SDL_kmsdrmvideo.c.o
[ 82%] Building C object CMakeFiles/SDL2-static.dir/src/video/kmsdrm/SDL_kmsdrmvulkan.c.o
[ 82%] Building C object CMakeFiles/SDL2-static.dir/src/video/wayland/SDL_waylandclipboard.c.o
[ 82%] Building C object CMakeFiles/SDL2-static.dir/src/video/wayland/SDL_waylanddatamanager.c.o
[ 83%] Building C object CMakeFiles/SDL2-static.dir/src/video/wayland/SDL_waylanddyn.c.o
[ 83%] Building C object CMakeFiles/SDL2-static.dir/src/video/wayland/SDL_waylandevents.c.o
[ 83%] Building C object CMakeFiles/SDL2-static.dir/src/video/wayland/SDL_waylandkeyboard.c.o
[ 83%] Building C object CMakeFiles/SDL2-static.dir/src/video/wayland/SDL_waylandmessagebox.c.o
[ 83%] Building C object CMakeFiles/SDL2-static.dir/src/video/wayland/SDL_waylandmouse.c.o
[ 83%] Building C object CMakeFiles/SDL2-static.dir/src/video/wayland/SDL_waylandopengles.c.o
[ 84%] Building C object CMakeFiles/SDL2-static.dir/src/video/wayland/SDL_waylandtouch.c.o
[ 84%] Building C object CMakeFiles/SDL2-static.dir/src/video/wayland/SDL_waylandvideo.c.o
[ 84%] Building C object CMakeFiles/SDL2-static.dir/src/video/wayland/SDL_waylandvulkan.c.o
[ 84%] Building C object CMakeFiles/SDL2-static.dir/src/video/wayland/SDL_waylandwindow.c.o
[ 84%] Building C object CMakeFiles/SDL2-static.dir/wayland-generated-protocols/fractional-scale-v1-protocol.c.o
[ 84%] Building C object CMakeFiles/SDL2-static.dir/wayland-generated-protocols/idle-inhibit-unstable-v1-protocol.c.o
[ 85%] Building C object CMakeFiles/SDL2-static.dir/wayland-generated-protocols/keyboard-shortcuts-inhibit-unstable-v1-protocol.c.o
[ 85%] Building C object CMakeFiles/SDL2-static.dir/wayland-generated-protocols/pointer-constraints-unstable-v1-protocol.c.o
[ 85%] Building C object CMakeFiles/SDL2-static.dir/wayland-generated-protocols/primary-selection-unstable-v1-protocol.c.o
[ 85%] Building C object CMakeFiles/SDL2-static.dir/wayland-generated-protocols/relative-pointer-unstable-v1-protocol.c.o
[ 85%] Building C object CMakeFiles/SDL2-static.dir/wayland-generated-protocols/tablet-unstable-v2-protocol.c.o
[ 85%] Building C object CMakeFiles/SDL2-static.dir/wayland-generated-protocols/text-input-unstable-v3-protocol.c.o
[ 86%] Building C object CMakeFiles/SDL2-static.dir/wayland-generated-protocols/viewporter-protocol.c.o
[ 86%] Building C object CMakeFiles/SDL2-static.dir/wayland-generated-protocols/wayland-protocol.c.o
[ 86%] Building C object CMakeFiles/SDL2-static.dir/wayland-generated-protocols/xdg-activation-v1-protocol.c.o
[ 86%] Building C object CMakeFiles/SDL2-static.dir/wayland-generated-protocols/xdg-decoration-unstable-v1-protocol.c.o
[ 86%] Building C object CMakeFiles/SDL2-static.dir/wayland-generated-protocols/xdg-output-unstable-v1-protocol.c.o
[ 86%] Building C object CMakeFiles/SDL2-static.dir/wayland-generated-protocols/xdg-shell-protocol.c.o
[ 86%] Building C object CMakeFiles/SDL2-static.dir/src/core/unix/SDL_poll.c.o
[ 87%] Building C object CMakeFiles/SDL2-static.dir/src/haptic/linux/SDL_syshaptic.c.o
[ 87%] Building C object CMakeFiles/SDL2-static.dir/src/core/linux/SDL_dbus.c.o
[ 87%] Building C object CMakeFiles/SDL2-static.dir/src/core/linux/SDL_ime.c.o
[ 87%] Building C object CMakeFiles/SDL2-static.dir/src/core/linux/SDL_ibus.c.o
[ 87%] Building C object CMakeFiles/SDL2-static.dir/src/core/linux/SDL_fcitx.c.o
[ 87%] Building C object CMakeFiles/SDL2-static.dir/src/core/linux/SDL_udev.c.o
[ 88%] Building C object CMakeFiles/SDL2-static.dir/src/core/linux/SDL_evdev.c.o
[ 88%] Building C object CMakeFiles/SDL2-static.dir/src/core/linux/SDL_evdev_kbd.c.o
[ 88%] Building C object CMakeFiles/SDL2-static.dir/src/core/linux/SDL_evdev_capabilities.c.o
[ 88%] Building C object CMakeFiles/SDL2-static.dir/src/core/linux/SDL_threadprio.c.o
[ 88%] Building C object CMakeFiles/SDL2-static.dir/src/core/linux/SDL_sandbox.c.o
[ 88%] Building C object CMakeFiles/SDL2-static.dir/src/joystick/hidapi/SDL_hidapi_combined.c.o
[ 89%] Building C object CMakeFiles/SDL2-static.dir/src/joystick/hidapi/SDL_hidapi_gamecube.c.o
[ 89%] Building C object CMakeFiles/SDL2-static.dir/src/joystick/hidapi/SDL_hidapi_luna.c.o
[ 89%] Building C object CMakeFiles/SDL2-static.dir/src/joystick/hidapi/SDL_hidapi_ps3.c.o
[ 89%] Building C object CMakeFiles/SDL2-static.dir/src/joystick/hidapi/SDL_hidapi_ps4.c.o
[ 89%] Building C object CMakeFiles/SDL2-static.dir/src/joystick/hidapi/SDL_hidapi_ps5.c.o
[ 89%] Building C object CMakeFiles/SDL2-static.dir/src/joystick/hidapi/SDL_hidapi_rumble.c.o
[ 89%] Building C object CMakeFiles/SDL2-static.dir/src/joystick/hidapi/SDL_hidapi_shield.c.o
[ 90%] Building C object CMakeFiles/SDL2-static.dir/src/joystick/hidapi/SDL_hidapi_stadia.c.o
[ 90%] Building C object CMakeFiles/SDL2-static.dir/src/joystick/hidapi/SDL_hidapi_steam.c.o
[ 90%] Building C object CMakeFiles/SDL2-static.dir/src/joystick/hidapi/SDL_hidapi_switch.c.o
[ 90%] Building C object CMakeFiles/SDL2-static.dir/src/joystick/hidapi/SDL_hidapi_wii.c.o
[ 90%] Building C object CMakeFiles/SDL2-static.dir/src/joystick/hidapi/SDL_hidapi_xbox360.c.o
[ 90%] Building C object CMakeFiles/SDL2-static.dir/src/joystick/hidapi/SDL_hidapi_xbox360w.c.o
[ 91%] Building C object CMakeFiles/SDL2-static.dir/src/joystick/hidapi/SDL_hidapi_xboxone.c.o
[ 91%] Building C object CMakeFiles/SDL2-static.dir/src/joystick/hidapi/SDL_hidapijoystick.c.o
[ 91%] Building C object CMakeFiles/SDL2-static.dir/src/joystick/linux/SDL_sysjoystick.c.o
[ 91%] Building C object CMakeFiles/SDL2-static.dir/src/joystick/steam/SDL_steamcontroller.c.o
[ 91%] Building C object CMakeFiles/SDL2-static.dir/src/thread/pthread/SDL_systhread.c.o
[ 91%] Building C object CMakeFiles/SDL2-static.dir/src/thread/pthread/SDL_sysmutex.c.o
[ 92%] Building C object CMakeFiles/SDL2-static.dir/src/thread/pthread/SDL_syscond.c.o
[ 92%] Building C object CMakeFiles/SDL2-static.dir/src/thread/pthread/SDL_systls.c.o
[ 92%] Building C object CMakeFiles/SDL2-static.dir/src/thread/pthread/SDL_syssem.c.o
[ 92%] Building C object CMakeFiles/SDL2-static.dir/src/misc/unix/SDL_sysurl.c.o
[ 92%] Building C object CMakeFiles/SDL2-static.dir/src/power/linux/SDL_syspower.c.o
[ 92%] Building C object CMakeFiles/SDL2-static.dir/src/locale/unix/SDL_syslocale.c.o
[ 93%] Building C object CMakeFiles/SDL2-static.dir/src/filesystem/unix/SDL_sysfilesystem.c.o
[ 93%] Building C object CMakeFiles/SDL2-static.dir/src/timer/unix/SDL_systimer.c.o
[ 93%] Building C object CMakeFiles/SDL2-static.dir/src/sensor/dummy/SDL_dummysensor.c.o
[ 93%] Linking C static library libSDL2.a
[ 97%] Built target SDL2-static
[ 97%] Building C object CMakeFiles/SDL2_test.dir/src/test/SDL_test_assert.c.o
[ 97%] Building C object CMakeFiles/SDL2_test.dir/src/test/SDL_test_common.c.o
[ 97%] Building C object CMakeFiles/SDL2_test.dir/src/test/SDL_test_compare.c.o
[ 98%] Building C object CMakeFiles/SDL2_test.dir/src/test/SDL_test_crc32.c.o
[ 98%] Building C object CMakeFiles/SDL2_test.dir/src/test/SDL_test_font.c.o
[ 98%] Building C object CMakeFiles/SDL2_test.dir/src/test/SDL_test_fuzzer.c.o
[ 98%] Building C object CMakeFiles/SDL2_test.dir/src/test/SDL_test_harness.c.o
[ 98%] Building C object CMakeFiles/SDL2_test.dir/src/test/SDL_test_imageBlit.c.o
[ 98%] Building C object CMakeFiles/SDL2_test.dir/src/test/SDL_test_imageBlitBlend.c.o
[ 99%] Building C object CMakeFiles/SDL2_test.dir/src/test/SDL_test_imageFace.c.o
[ 99%] Building C object CMakeFiles/SDL2_test.dir/src/test/SDL_test_imagePrimitives.c.o
[ 99%] Building C object CMakeFiles/SDL2_test.dir/src/test/SDL_test_imagePrimitivesBlend.c.o
[ 99%] Building C object CMakeFiles/SDL2_test.dir/src/test/SDL_test_log.c.o
[ 99%] Building C object CMakeFiles/SDL2_test.dir/src/test/SDL_test_md5.c.o
[ 99%] Building C object CMakeFiles/SDL2_test.dir/src/test/SDL_test_memory.c.o
[100%] Building C object CMakeFiles/SDL2_test.dir/src/test/SDL_test_random.c.o
[100%] Linking C static library libSDL2_test.a
[100%] Built target SDL2_test
